0 info it worked if it ends with ok
1 verbose cli [ 'C:\\Program Files\\nodejs\\node.exe',
1 verbose cli   'C:\\Program Files\\nodejs\\node_modules\\npm\\bin\\npm-cli.js',
1 verbose cli   'run',
1 verbose cli   'w' ]
2 info using npm@3.10.10
3 info using node@v6.11.5
4 verbose run-script [ 'prew', 'w', 'postw' ]
5 info lifecycle exercise@1.0.0~prew: exercise@1.0.0
6 silly lifecycle exercise@1.0.0~prew: no script for prew, continuing
7 info lifecycle exercise@1.0.0~w: exercise@1.0.0
8 verbose lifecycle exercise@1.0.0~w: unsafe-perm in lifecycle true
9 verbose lifecycle exercise@1.0.0~w: PATH: C:\Program Files\nodejs\node_modules\npm\bin\node-gyp-bin;D:\React\exercise\node_modules\.bin;C:\WINDOWS\system32;C:\WINDOWS;C:\WINDOWS\System32\Wbem;C:\WINDOWS\System32\WindowsPowerShell\v1.0\;C:\Program Files\nodejs\;C:\Users\晓彤\AppData\Local\Microsoft\WindowsApps;;D:\Visual Studio Code编辑器\Microsoft VS Code\bin;C:\Users\晓彤\AppData\Roaming\npm
10 verbose lifecycle exercise@1.0.0~w: CWD: D:\React\exercise
11 silly lifecycle exercise@1.0.0~w: Args: [ '/d /s /c', 'webpack --watch' ]
12 verbose stack Error: kill ENOSYS
12 verbose stack     at Object.exports._errnoException (util.js:1020:11)
12 verbose stack     at process.kill (internal/process.js:191:18)
12 verbose stack     at process.listener (C:\Program Files\nodejs\node_modules\npm\node_modules\npmlog\node_modules\gauge\node_modules\signal-exit\index.js:86:15)
12 verbose stack     at emitNone (events.js:91:20)
12 verbose stack     at process.emit (events.js:185:7)
12 verbose stack     at processEmit (C:\Program Files\nodejs\node_modules\npm\node_modules\npmlog\node_modules\gauge\node_modules\signal-exit\index.js:146:32)
12 verbose stack     at processEmit (C:\Program Files\nodejs\node_modules\npm\node_modules\npm-registry-client\node_modules\npmlog\node_modules\gauge\node_modules\signal-exit\index.js:146:32)
12 verbose stack     at Signal.wrap.onsignal (internal/process.js:217:44)
13 verbose cwd D:\React\exercise
14 error Windows_NT 10.0.14393
15 error argv "C:\\Program Files\\nodejs\\node.exe" "C:\\Program Files\\nodejs\\node_modules\\npm\\bin\\npm-cli.js" "run" "w"
16 error node v6.11.5
17 error npm  v3.10.10
18 error code ENOSYS
19 error errno ENOSYS
20 error syscall kill
21 error kill ENOSYS
22 error If you need help, you may report this error at:
22 error     <https://github.com/npm/npm/issues>
23 verbose exit [ 1, true ]
